78
practical1.py:219: UserWarning: To copy construct from a tensor, it is recommended to use sourceTensor.clone().detach() or sourceTensor.clone().detach().requires_grad_(True), rather than torch.tensor(sourceTensor).
  all_embeddings_baseline[torch.tensor(embeddings, dtype=torch.float32).clone().detach()] = torch.tensor(datapoint['label'], dtype=torch.long).clone().detach()
checkpoint saved to best_model_checkpoint_baseline1.pth
Epoch [1/20], Train Loss: 1.1003, Val Loss: 1.0986, Val Acc: 33.31%
Epoch [2/20], Train Loss: 1.0997, Val Loss: 1.0987, Val Acc: 32.87%
Epoch [3/20], Train Loss: 1.0987, Val Loss: 1.0986, Val Acc: 33.82%
Epoch [4/20], Train Loss: 1.0986, Val Loss: 1.0986, Val Acc: 32.87%
Epoch [5/20], Train Loss: 1.0986, Val Loss: 1.0986, Val Acc: 33.82%
Learning rate below threshold so we stop training.

JOB STATISTICS
==============
Job ID: 6000115
Cluster: snellius
User/Group: scur0234/scur0234
State: RUNNING
Nodes: 1
Cores per node: 18
CPU Utilized: 00:00:00
CPU Efficiency: 0.00% of 02:52:30 core-walltime
Job Wall-clock time: 00:09:35
Memory Utilized: 0.00 MB (estimated maximum)
Memory Efficiency: 0.00% of 120.00 GB (120.00 GB/node)
WARNING: Efficiency statistics may be misleading for RUNNING jobs.
